<?xml version="1.0" encoding="UTF-8"?>
<testng-results ignored="0" total="1" passed="1" failed="0" skipped="0">
  <reporter-output>
  </reporter-output>
  <suite started-at="2022-12-11T14:06:05 IST" name="Default suite" finished-at="2022-12-11T14:06:13 IST" duration-ms="8346">
    <groups>
    </groups>
    <test started-at="2022-12-11T14:06:05 IST" name="Default test" finished-at="2022-12-11T14:06:13 IST" duration-ms="8346">
      <class name="testCases.Test_Pending_Leave_Request">
        <test-method is-config="true" signature="launchBrowser()[pri:0, instance:testCases.Test_Pending_Leave_Request@5fdcaa40]" started-at="2022-12-11T14:05:54 IST" name="launchBrowser" finished-at="2022-12-11T14:06:05 IST" duration-ms="10982" status="PASS">
          <reporter-output>
          </reporter-output>
        </test-method> <!-- launchBrowser -->
        <test-method signature="checkLeaveRequest()[pri:0, instance:testCases.Test_Pending_Leave_Request@5fdcaa40]" started-at="2022-12-11T14:06:05 IST" name="checkLeaveRequest" finished-at="2022-12-11T14:06:13 IST" duration-ms="8291" status="PASS">
          <reporter-output>
          </reporter-output>
        </test-method> <!-- checkLeaveRequest -->
        <test-method is-config="true" signature="tearDown()[pri:0, instance:testCases.Test_Pending_Leave_Request@5fdcaa40]" started-at="2022-12-11T14:06:13 IST" name="tearDown" finished-at="2022-12-11T14:06:13 IST" duration-ms="0" status="PASS">
          <reporter-output>
          </reporter-output>
        </test-method> <!-- tearDown -->
      </class> <!-- testCases.Test_Pending_Leave_Request -->
    </test> <!-- Default test -->
  </suite> <!-- Default suite -->
</testng-results>
